Using pre-set license
Built from '2020.3/staging' branch; Version is '2020.3.17f1 (a4537701e4ab) revision 10769271'; Using compiler version '192528614'; Build Type 'Release'
OS: 'Windows 10 Home; OS build 19043.1415; Version 2009; 64bit' Language: 'en' Physical Memory: 65433 MB
BatchMode: 1, IsHumanControllingUs: 0, StartBugReporterOnCrash: 0, Is64bit: 1, IsPro: 0

COMMAND LINE ARGUMENTS:
C:\Program Files\Unity\Hub\Editor\2020.3.17f1\Editor\Unity.exe
-adb2
-batchMode
-noUpm
-name
AssetImportWorker0
-projectPath
F:/Shaders
-logFile
Logs/AssetImportWorker0.log
-srvPort
63745
Successfully changed project path to: F:/Shaders
F:/Shaders
Using Asset Import Pipeline V2.
Refreshing native plugins compatible for Editor in 19.21 ms, found 2 plugins.
Preloading 0 native plugins for Editor in 0.00 ms.
Initialize engine version: 2020.3.17f1 (a4537701e4ab)
[Subsystems] Discovering subsystems at path C:/Program Files/Unity/Hub/Editor/2020.3.17f1/Editor/Data/Resources/UnitySubsystems
[Subsystems] Discovering subsystems at path F:/Shaders/Assets
GfxDevice: creating device client; threaded=0
Direct3D:
    Version:  Direct3D 11.0 [level 11.1]
    Renderer: NVIDIA GeForce GTX 970 (ID=0x13c2)
    Vendor:   
    VRAM:     4043 MB
    Driver:   27.21.14.6647
Initialize mono
Mono path[0] = 'C:/Program Files/Unity/Hub/Editor/2020.3.17f1/Editor/Data/Managed'
Mono path[1] = 'C:/Program Files/Unity/Hub/Editor/2020.3.17f1/Editor/Data/MonoBleedingEdge/lib/mono/unityjit'
Mono config path = 'C:/Program Files/Unity/Hub/Editor/2020.3.17f1/Editor/Data/MonoBleedingEdge/etc'
Using monoOptions --debugger-agent=transport=dt_socket,embedding=1,server=y,suspend=n,address=127.0.0.1:56600
Begin MonoManager ReloadAssembly
Registering precompiled unity dll's ...
Register platform support module: C:/Program Files/Unity/Hub/Editor/2020.3.17f1/Editor/Data/PlaybackEngines/WindowsStandaloneSupport/UnityEditor.WindowsStandalone.Extensions.dll
Registered in 0.001633 seconds.
Native extension for WindowsStandalone target not found
Refreshing native plugins compatible for Editor in 18.70 ms, found 2 plugins.
Preloading 0 native plugins for Editor in 0.00 ms.
Mono: successfully reloaded assembly
- Completed reload, in  1.213 seconds
Domain Reload Profiling:
	ReloadAssembly (1213ms)
		BeginReloadAssembly (37ms)
			ExecutionOrderSort (0ms)
			DisableScriptedObjects (0ms)
			BackupInstance (0ms)
			ReleaseScriptingObjects (0ms)
			CreateAndSetChildDomain (1ms)
		EndReloadAssembly (266ms)
			LoadAssemblies (35ms)
			RebuildTransferFunctionScriptingTraits (0ms)
			SetupTypeCache (94ms)
			ReleaseScriptCaches (0ms)
			RebuildScriptCaches (19ms)
			SetupLoadedEditorAssemblies (103ms)
				LogAssemblyErrors (0ms)
				InitializePlatformSupportModulesInManaged (3ms)
				SetLoadedEditorAssemblies (0ms)
				RefreshPlugins (19ms)
				BeforeProcessingInitializeOnLoad (11ms)
				ProcessInitializeOnLoadAttributes (51ms)
				ProcessInitializeOnLoadMethodAttributes (19ms)
				AfterProcessingInitializeOnLoad (0ms)
				EditorAssembliesLoaded (0ms)
			ExecutionOrderSort2 (0ms)
			AwakeInstancesAfterBackupRestoration (0ms)
Platform modules already initialized, skipping
Registering precompiled user dll's ...
Registered in 0.002581 seconds.
Begin MonoManager ReloadAssembly
Native extension for WindowsStandalone target not found
Refreshing native plugins compatible for Editor in 0.24 ms, found 2 plugins.
Preloading 0 native plugins for Editor in 0.00 ms.
Mono: successfully reloaded assembly
- Completed reload, in  0.667 seconds
Domain Reload Profiling:
	ReloadAssembly (667ms)
		BeginReloadAssembly (90ms)
			ExecutionOrderSort (0ms)
			DisableScriptedObjects (3ms)
			BackupInstance (0ms)
			ReleaseScriptingObjects (0ms)
			CreateAndSetChildDomain (12ms)
		EndReloadAssembly (538ms)
			LoadAssemblies (55ms)
			RebuildTransferFunctionScriptingTraits (0ms)
			SetupTypeCache (163ms)
			ReleaseScriptCaches (0ms)
			RebuildScriptCaches (25ms)
			SetupLoadedEditorAssemblies (243ms)
				LogAssemblyErrors (0ms)
				InitializePlatformSupportModulesInManaged (3ms)
				SetLoadedEditorAssemblies (0ms)
				RefreshPlugins (0ms)
				BeforeProcessingInitializeOnLoad (48ms)
				ProcessInitializeOnLoadAttributes (184ms)
				ProcessInitializeOnLoadMethodAttributes (3ms)
				AfterProcessingInitializeOnLoad (5ms)
				EditorAssembliesLoaded (0ms)
			ExecutionOrderSort2 (0ms)
			AwakeInstancesAfterBackupRestoration (4ms)
Platform modules already initialized, skipping
========================================================================
Worker process is ready to serve import requests
Launched and connected shader compiler UnityShaderCompiler.exe after 0.04 seconds
Refreshing native plugins compatible for Editor in 0.22 ms, found 2 plugins.
Preloading 0 native plugins for Editor in 0.00 ms.
Unloading 1399 Unused Serialized files (Serialized files now loaded: 0)
System memory in use before: 66.4 MB.
System memory in use after: 66.5 MB.

Unloading 18 unused Assets to reduce memory usage. Loaded Objects now: 1833.
Total: 1.874300 ms (FindLiveObjects: 0.105100 ms CreateObjectMapping: 0.038000 ms MarkObjects: 1.646600 ms  DeleteObjects: 0.083700 ms)

AssetImportParameters requested are different than current active one (requested -> active):
  custom:framework-win-MediaFoundation: 216162199b28c13a410421893ffa2e32 -> 
  custom:video-decoder-ogg-theora: a1e56fd34408186e4bbccfd4996cb3dc -> 
  custom:container-muxer-webm: aa71ff27fc2769a1b78a27578f13a17b -> 
  custom:container-demuxer-webm: 4f35f7cbe854078d1ac9338744f61a02 -> 
  custom:container-demuxer-ogg: 62fdf1f143b41e24485cea50d1cbac27 -> 
  custom:video-encoder-webm-vp8: eb34c28f22e8b96e1ab97ce403110664 -> 
  custom:video-decoder-webm-vp8: 9c59270c3fd7afecdb556c50c9e8de78 -> 
  custom:audio-decoder-ogg-vorbis: bf7c407c2cedff20999df2af8eb42d56 -> 
  custom:audio-encoder-webm-vorbis: bf7c407c2cedff20999df2af8eb42d56 -> 
========================================================================
Received Import Request.
  path: Assets/Materials/lambert2.mat
  artifactKey: Guid(f76aa8b70e9cf014cbaf4ce180a43b9b) Importer(815301076,1909f56bfc062723c751e8b465ee728b)
Start importing Assets/Materials/lambert2.mat using Guid(f76aa8b70e9cf014cbaf4ce180a43b9b) Importer(815301076,1909f56bfc062723c751e8b465ee728b)  -> (artifact id: 'd6c0e0d6eaa9095864fb8ff165ffef19') in 0.073035 seconds 
  Import took 0.075710 seconds .

========================================================================
Received Import Request.
  Time since last request: 15.060089 seconds.
  path: Assets/Shaders
  artifactKey: Guid(eecc221f583d9094485cc1e96a284ec4) Importer(815301076,1909f56bfc062723c751e8b465ee728b)
Start importing Assets/Shaders using Guid(eecc221f583d9094485cc1e96a284ec4) Importer(815301076,1909f56bfc062723c751e8b465ee728b)  -> (artifact id: '5a892d3dd74572a042df0d47a0037126') in 0.003040 seconds 
  Import took 0.005176 seconds .

========================================================================
Received Import Request.
  Time since last request: 1.673275 seconds.
  path: Assets/AllProps.shader
  artifactKey: Guid(d0f771d5676b4134f93d4d4f563b606d) Importer(815301076,1909f56bfc062723c751e8b465ee728b)
Start importing Assets/AllProps.shader using Guid(d0f771d5676b4134f93d4d4f563b606d) Importer(815301076,1909f56bfc062723c751e8b465ee728b)  -> (artifact id: '9dda8306f5743c105dc86dcb68f81759') in 0.003566 seconds 
  Import took 0.005558 seconds .

========================================================================
Received Import Request.
  Time since last request: 0.001139 seconds.
  path: Assets/AllProps.shader
  artifactKey: Guid(d0f771d5676b4134f93d4d4f563b606d) Importer(815301076,1909f56bfc062723c751e8b465ee728b)
Start importing Assets/AllProps.shader using Guid(d0f771d5676b4134f93d4d4f563b606d) Importer(815301076,1909f56bfc062723c751e8b465ee728b)  -> (artifact id: '9dda8306f5743c105dc86dcb68f81759') in 0.002745 seconds 
  Import took 0.004583 seconds .

========================================================================
Received Import Request.
  Time since last request: 0.844609 seconds.
  path: Assets/MyFirstShader.shader
  artifactKey: Guid(d0b429f59f62c3344b9802fde1ec419d) Importer(815301076,1909f56bfc062723c751e8b465ee728b)
Start importing Assets/MyFirstShader.shader using Guid(d0b429f59f62c3344b9802fde1ec419d) Importer(815301076,1909f56bfc062723c751e8b465ee728b)  -> (artifact id: '4c93daf0f012094e551d0132389e5f9a') in 0.002952 seconds 
  Import took 0.009775 seconds .

========================================================================
Received Import Request.
  Time since last request: 120.377899 seconds.
  path: Assets/Textures
  artifactKey: Guid(783ccef1243e747458f5eb155ecf66e9) Importer(815301076,1909f56bfc062723c751e8b465ee728b)
Start importing Assets/Textures using Guid(783ccef1243e747458f5eb155ecf66e9) Importer(815301076,1909f56bfc062723c751e8b465ee728b)  -> (artifact id: 'e7e4eda71eb4cb779d7230bb62dced1b') in 0.003431 seconds 
  Import took 0.005474 seconds .

========================================================================
Received Import Request.
  Time since last request: 43.471809 seconds.
  path: Assets/Textures/Seamless-Rust-Texture.jpg.crdownload
  artifactKey: Guid(09a1127bf5d61b840a837e0ca559f04b) Importer(815301076,1909f56bfc062723c751e8b465ee728b)
Start importing Assets/Textures/Seamless-Rust-Texture.jpg.crdownload using Guid(09a1127bf5d61b840a837e0ca559f04b) Importer(815301076,1909f56bfc062723c751e8b465ee728b)  -> (artifact id: 'd6df6defbc879cdf7feb6ba521f4a086') in 0.004142 seconds 
  Import took 0.006139 seconds .

========================================================================
Received Import Request.
  Time since last request: 74.742814 seconds.
  path: Assets/Textures/Seamless-Rust-Texture-2.jpg
  artifactKey: Guid(383ee83362d6e03488a43e25e059f092) Importer(815301076,1909f56bfc062723c751e8b465ee728b)
Start importing Assets/Textures/Seamless-Rust-Texture-2.jpg using Guid(383ee83362d6e03488a43e25e059f092) Importer(815301076,1909f56bfc062723c751e8b465ee728b)  -> (artifact id: 'd8425d2851d9b90767d44608bb8f2737') in 0.033519 seconds 
  Import took 0.035471 seconds .

AssetImportWorkerClient::OnTransportError - code=2 error=End of file
