Using pre-set license
Built from '2020.3/staging' branch; Version is '2020.3.17f1 (a4537701e4ab) revision 10769271'; Using compiler version '192528614'; Build Type 'Release'
OS: 'Windows 10 Home; OS build 19043.1415; Version 2009; 64bit' Language: 'en' Physical Memory: 65433 MB
BatchMode: 1, IsHumanControllingUs: 0, StartBugReporterOnCrash: 0, Is64bit: 1, IsPro: 0

COMMAND LINE ARGUMENTS:
C:\Program Files\Unity\Hub\Editor\2020.3.17f1\Editor\Unity.exe
-adb2
-batchMode
-noUpm
-name
AssetImportWorker0
-projectPath
F:/Shaders
-logFile
Logs/AssetImportWorker0.log
-srvPort
62605
Successfully changed project path to: F:/Shaders
F:/Shaders
Using Asset Import Pipeline V2.
Refreshing native plugins compatible for Editor in 18.92 ms, found 2 plugins.
Preloading 0 native plugins for Editor in 0.00 ms.
Initialize engine version: 2020.3.17f1 (a4537701e4ab)
[Subsystems] Discovering subsystems at path C:/Program Files/Unity/Hub/Editor/2020.3.17f1/Editor/Data/Resources/UnitySubsystems
[Subsystems] Discovering subsystems at path F:/Shaders/Assets
GfxDevice: creating device client; threaded=0
Direct3D:
    Version:  Direct3D 11.0 [level 11.1]
    Renderer: NVIDIA GeForce GTX 970 (ID=0x13c2)
    Vendor:   
    VRAM:     4043 MB
    Driver:   27.21.14.6647
Initialize mono
Mono path[0] = 'C:/Program Files/Unity/Hub/Editor/2020.3.17f1/Editor/Data/Managed'
Mono path[1] = 'C:/Program Files/Unity/Hub/Editor/2020.3.17f1/Editor/Data/MonoBleedingEdge/lib/mono/unityjit'
Mono config path = 'C:/Program Files/Unity/Hub/Editor/2020.3.17f1/Editor/Data/MonoBleedingEdge/etc'
Using monoOptions --debugger-agent=transport=dt_socket,embedding=1,server=y,suspend=n,address=127.0.0.1:56696
Begin MonoManager ReloadAssembly
Registering precompiled unity dll's ...
Register platform support module: C:/Program Files/Unity/Hub/Editor/2020.3.17f1/Editor/Data/PlaybackEngines/WindowsStandaloneSupport/UnityEditor.WindowsStandalone.Extensions.dll
Registered in 0.001850 seconds.
Native extension for WindowsStandalone target not found
Refreshing native plugins compatible for Editor in 18.55 ms, found 2 plugins.
Preloading 0 native plugins for Editor in 0.00 ms.
Mono: successfully reloaded assembly
- Completed reload, in  1.345 seconds
Domain Reload Profiling:
	ReloadAssembly (1345ms)
		BeginReloadAssembly (37ms)
			ExecutionOrderSort (0ms)
			DisableScriptedObjects (0ms)
			BackupInstance (0ms)
			ReleaseScriptingObjects (0ms)
			CreateAndSetChildDomain (1ms)
		EndReloadAssembly (256ms)
			LoadAssemblies (35ms)
			RebuildTransferFunctionScriptingTraits (0ms)
			SetupTypeCache (86ms)
			ReleaseScriptCaches (0ms)
			RebuildScriptCaches (20ms)
			SetupLoadedEditorAssemblies (103ms)
				LogAssemblyErrors (0ms)
				InitializePlatformSupportModulesInManaged (3ms)
				SetLoadedEditorAssemblies (0ms)
				RefreshPlugins (19ms)
				BeforeProcessingInitializeOnLoad (12ms)
				ProcessInitializeOnLoadAttributes (52ms)
				ProcessInitializeOnLoadMethodAttributes (18ms)
				AfterProcessingInitializeOnLoad (0ms)
				EditorAssembliesLoaded (0ms)
			ExecutionOrderSort2 (0ms)
			AwakeInstancesAfterBackupRestoration (0ms)
Platform modules already initialized, skipping
Registering precompiled user dll's ...
Registered in 0.002615 seconds.
Begin MonoManager ReloadAssembly
Native extension for WindowsStandalone target not found
Refreshing native plugins compatible for Editor in 0.22 ms, found 2 plugins.
Preloading 0 native plugins for Editor in 0.00 ms.
Mono: successfully reloaded assembly
- Completed reload, in  0.676 seconds
Domain Reload Profiling:
	ReloadAssembly (676ms)
		BeginReloadAssembly (94ms)
			ExecutionOrderSort (0ms)
			DisableScriptedObjects (3ms)
			BackupInstance (0ms)
			ReleaseScriptingObjects (0ms)
			CreateAndSetChildDomain (12ms)
		EndReloadAssembly (540ms)
			LoadAssemblies (59ms)
			RebuildTransferFunctionScriptingTraits (0ms)
			SetupTypeCache (164ms)
			ReleaseScriptCaches (0ms)
			RebuildScriptCaches (25ms)
			SetupLoadedEditorAssemblies (241ms)
				LogAssemblyErrors (0ms)
				InitializePlatformSupportModulesInManaged (3ms)
				SetLoadedEditorAssemblies (0ms)
				RefreshPlugins (0ms)
				BeforeProcessingInitializeOnLoad (47ms)
				ProcessInitializeOnLoadAttributes (183ms)
				ProcessInitializeOnLoadMethodAttributes (3ms)
				AfterProcessingInitializeOnLoad (5ms)
				EditorAssembliesLoaded (0ms)
			ExecutionOrderSort2 (0ms)
			AwakeInstancesAfterBackupRestoration (4ms)
Platform modules already initialized, skipping
========================================================================
Worker process is ready to serve import requests
Launched and connected shader compiler UnityShaderCompiler.exe after 0.04 seconds
Refreshing native plugins compatible for Editor in 0.21 ms, found 2 plugins.
Preloading 0 native plugins for Editor in 0.00 ms.
Unloading 1397 Unused Serialized files (Serialized files now loaded: 0)
System memory in use before: 64.8 MB.
System memory in use after: 64.9 MB.

Unloading 18 unused Assets to reduce memory usage. Loaded Objects now: 1830.
Total: 1.785900 ms (FindLiveObjects: 0.096200 ms CreateObjectMapping: 0.026400 ms MarkObjects: 1.613400 ms  DeleteObjects: 0.049100 ms)

AssetImportParameters requested are different than current active one (requested -> active):
  custom:framework-win-MediaFoundation: 216162199b28c13a410421893ffa2e32 -> 
  custom:video-decoder-ogg-theora: a1e56fd34408186e4bbccfd4996cb3dc -> 
  custom:container-muxer-webm: aa71ff27fc2769a1b78a27578f13a17b -> 
  custom:container-demuxer-webm: 4f35f7cbe854078d1ac9338744f61a02 -> 
  custom:container-demuxer-ogg: 62fdf1f143b41e24485cea50d1cbac27 -> 
  custom:video-encoder-webm-vp8: eb34c28f22e8b96e1ab97ce403110664 -> 
  custom:video-decoder-webm-vp8: 9c59270c3fd7afecdb556c50c9e8de78 -> 
  custom:audio-decoder-ogg-vorbis: bf7c407c2cedff20999df2af8eb42d56 -> 
  custom:audio-encoder-webm-vorbis: bf7c407c2cedff20999df2af8eb42d56 -> 
========================================================================
Received Import Request.
  path: Assets/HelloShader.mat
  artifactKey: Guid(ba0158cb3e90b40a998507011a60bad6) Importer(815301076,1909f56bfc062723c751e8b465ee728b)
Start importing Assets/HelloShader.mat using Guid(ba0158cb3e90b40a998507011a60bad6) Importer(815301076,1909f56bfc062723c751e8b465ee728b)  -> (artifact id: '049b895c5817201e74bda17908094097') in 0.201210 seconds 
  Import took 0.202813 seconds .

========================================================================
Received Import Request.
  Time since last request: 0.000163 seconds.
  path: Assets/Zombunny.prefab
  artifactKey: Guid(09df32d15510946c1bd4325af6219685) Importer(815301076,1909f56bfc062723c751e8b465ee728b)
Start importing Assets/Zombunny.prefab using Guid(09df32d15510946c1bd4325af6219685) Importer(815301076,1909f56bfc062723c751e8b465ee728b)  -> (artifact id: '160d7f3ab2ab82e8e4aca43e36dd9b6e') in 0.015017 seconds 
  Import took 0.016657 seconds .

========================================================================
Received Import Request.
  Time since last request: 0.000168 seconds.
  path: Assets/Zombunny.fbx
  artifactKey: Guid(8d5d219e0922649ebad407ab0e56b446) Importer(815301076,1909f56bfc062723c751e8b465ee728b)
Start importing Assets/Zombunny.fbx using Guid(8d5d219e0922649ebad407ab0e56b446) Importer(815301076,1909f56bfc062723c751e8b465ee728b)  -> (artifact id: '70459faf661921ae41f75835d9476ed4') in 0.042058 seconds 
  Import took 0.043750 seconds .

========================================================================
Received Import Request.
  Time since last request: 329.074144 seconds.
  path: Assets/MyFirstShader.shader
  artifactKey: Guid(d0b429f59f62c3344b9802fde1ec419d) Importer(815301076,1909f56bfc062723c751e8b465ee728b)
Start importing Assets/MyFirstShader.shader using Guid(d0b429f59f62c3344b9802fde1ec419d) Importer(815301076,1909f56bfc062723c751e8b465ee728b)  -> (artifact id: '3d8a960e93fbbe65ab1bfdb07b3c70ce') in 0.007860 seconds 
  Import took 0.010297 seconds .

========================================================================
Received Import Request.
  Time since last request: 1224.377205 seconds.
  path: Assets/MyFirstShader.shader
  artifactKey: Guid(d0b429f59f62c3344b9802fde1ec419d) Importer(815301076,1909f56bfc062723c751e8b465ee728b)
Start importing Assets/MyFirstShader.shader using Guid(d0b429f59f62c3344b9802fde1ec419d) Importer(815301076,1909f56bfc062723c751e8b465ee728b)  -> (artifact id: 'adab4aacbd1e61a499afdff673382902') in 0.004444 seconds 
  Import took 0.006969 seconds .

========================================================================
Received Import Request.
  Time since last request: 16367.964967 seconds.
  path: Assets
  artifactKey: Guid(00000000000000001000000000000000) Importer(815301076,1909f56bfc062723c751e8b465ee728b)
Start importing Assets using Guid(00000000000000001000000000000000) Importer(815301076,1909f56bfc062723c751e8b465ee728b)  -> (artifact id: '42d402b061de3733987d63b9cc3b64de') in 0.002964 seconds 
  Import took 0.010670 seconds .

========================================================================
Received Import Request.
  Time since last request: 14.799736 seconds.
  path: Assets/AllProps.shader
  artifactKey: Guid(d0f771d5676b4134f93d4d4f563b606d) Importer(815301076,1909f56bfc062723c751e8b465ee728b)
Start importing Assets/AllProps.shader using Guid(d0f771d5676b4134f93d4d4f563b606d) Importer(815301076,1909f56bfc062723c751e8b465ee728b)  -> (artifact id: 'a9753005f2fab2fb273eb75162503552') in 0.007171 seconds 
  Import took 0.009607 seconds .

========================================================================
Received Import Request.
  Time since last request: 0.000299 seconds.
  path: Assets/AllProps.shader
  artifactKey: Guid(d0f771d5676b4134f93d4d4f563b606d) Importer(815301076,1909f56bfc062723c751e8b465ee728b)
Start importing Assets/AllProps.shader using Guid(d0f771d5676b4134f93d4d4f563b606d) Importer(815301076,1909f56bfc062723c751e8b465ee728b)  -> (artifact id: 'a9753005f2fab2fb273eb75162503552') in 0.004126 seconds 
  Import took 0.006421 seconds .

========================================================================
Received Import Request.
  Time since last request: 67303.108693 seconds.
  path: Assets/HelloShader.mat
  artifactKey: Guid(ba0158cb3e90b40a998507011a60bad6) Importer(815301076,1909f56bfc062723c751e8b465ee728b)
Start importing Assets/HelloShader.mat using Guid(ba0158cb3e90b40a998507011a60bad6) Importer(815301076,1909f56bfc062723c751e8b465ee728b)  -> (artifact id: '8c3eeb0221b1fdb1b2cc3af286b73a32') in 0.015015 seconds 
  Import took 0.017766 seconds .

AssetImportWorkerClient::OnTransportError - code=2 error=End of file
